<?xml version="1.0" encoding="UTF-8"?>
<testsuite xmlns:xsi="http://www.w3.org/2001/XMLSchema-instance" xsi:noNamespaceSchemaLocation="https://maven.apache.org/surefire/maven-surefire-plugin/xsd/surefire-test-report.xsd" name="com.acme.Initialization.Test.CustomerServiceImplIntegrationTest" time="0.12" tests="2" errors="0" skipped="0" failures="0">
  <properties>
    <property name="java.specification.version" value="16"/>
    <property name="sun.cpu.isalist" value="amd64"/>
    <property name="sun.jnu.encoding" value="Cp1252"/>
    <property name="java.class.path" value="C:\Users\sebas\OneDrive - Universidad Peruana de Ciencias\2021-02\UNIVERSITY\Diseño de experimentos\PROYECTO_TB3\BackEnd\target\test-classes;C:\Users\sebas\OneDrive - Universidad Peruana de Ciencias\2021-02\UNIVERSITY\Diseño de experimentos\PROYECTO_TB3\BackEnd\target\classes;C:\Users\sebas\.m2\repository\org\springframework\boot\spring-boot-starter-data-jpa\2.3.4.RELEASE\spring-boot-starter-data-jpa-2.3.4.RELEASE.jar;C:\Users\sebas\.m2\repository\org\springframework\boot\spring-boot-starter-aop\2.3.4.RELEASE\spring-boot-starter-aop-2.3.4.RELEASE.jar;C:\Users\sebas\.m2\repository\org\springframework\spring-aop\5.2.9.RELEASE\spring-aop-5.2.9.RELEASE.jar;C:\Users\sebas\.m2\repository\org\aspectj\aspectjweaver\1.9.6\aspectjweaver-1.9.6.jar;C:\Users\sebas\.m2\repository\org\springframework\boot\spring-boot-starter-jdbc\2.3.4.RELEASE\spring-boot-starter-jdbc-2.3.4.RELEASE.jar;C:\Users\sebas\.m2\repository\com\zaxxer\HikariCP\3.4.5\HikariCP-3.4.5.jar;C:\Users\sebas\.m2\repository\org\springframework\spring-jdbc\5.2.9.RELEASE\spring-jdbc-5.2.9.RELEASE.jar;C:\Users\sebas\.m2\repository\jakarta\transaction\jakarta.transaction-api\1.3.3\jakarta.transaction-api-1.3.3.jar;C:\Users\sebas\.m2\repository\jakarta\persistence\jakarta.persistence-api\2.2.3\jakarta.persistence-api-2.2.3.jar;C:\Users\sebas\.m2\repository\org\hibernate\hibernate-core\5.4.21.Final\hibernate-core-5.4.21.Final.jar;C:\Users\sebas\.m2\repository\org\jboss\logging\jboss-logging\3.4.1.Final\jboss-logging-3.4.1.Final.jar;C:\Users\sebas\.m2\repository\antlr\antlr\2.7.7\antlr-2.7.7.jar;C:\Users\sebas\.m2\repository\org\jboss\jandex\2.1.3.Final\jandex-2.1.3.Final.jar;C:\Users\sebas\.m2\repository\com\fasterxml\classmate\1.5.1\classmate-1.5.1.jar;C:\Users\sebas\.m2\repository\org\dom4j\dom4j\2.1.3\dom4j-2.1.3.jar;C:\Users\sebas\.m2\repository\org\hibernate\common\hibernate-commons-annotations\5.1.0.Final\hibernate-commons-annotations-5.1.0.Final.jar;C:\Users\sebas\.m2\repository\org\glassfish\jaxb\jaxb-runtime\2.3.3\jaxb-runtime-2.3.3.jar;C:\Users\sebas\.m2\repository\org\glassfish\jaxb\txw2\2.3.3\txw2-2.3.3.jar;C:\Users\sebas\.m2\repository\com\sun\istack\istack-commons-runtime\3.0.11\istack-commons-runtime-3.0.11.jar;C:\Users\sebas\.m2\repository\com\sun\activation\jakarta.activation\1.2.2\jakarta.activation-1.2.2.jar;C:\Users\sebas\.m2\repository\org\springframework\data\spring-data-jpa\2.3.4.RELEASE\spring-data-jpa-2.3.4.RELEASE.jar;C:\Users\sebas\.m2\repository\org\springframework\data\spring-data-commons\2.3.4.RELEASE\spring-data-commons-2.3.4.RELEASE.jar;C:\Users\sebas\.m2\repository\org\springframework\spring-orm\5.2.9.RELEASE\spring-orm-5.2.9.RELEASE.jar;C:\Users\sebas\.m2\repository\org\springframework\spring-context\5.2.9.RELEASE\spring-context-5.2.9.RELEASE.jar;C:\Users\sebas\.m2\repository\org\springframework\spring-tx\5.2.9.RELEASE\spring-tx-5.2.9.RELEASE.jar;C:\Users\sebas\.m2\repository\org\springframework\spring-beans\5.2.9.RELEASE\spring-beans-5.2.9.RELEASE.jar;C:\Users\sebas\.m2\repository\org\springframework\spring-aspects\5.2.9.RELEASE\spring-aspects-5.2.9.RELEASE.jar;C:\Users\sebas\.m2\repository\org\springframework\boot\spring-boot-devtools\2.3.4.RELEASE\spring-boot-devtools-2.3.4.RELEASE.jar;C:\Users\sebas\.m2\repository\org\springframework\boot\spring-boot\2.3.4.RELEASE\spring-boot-2.3.4.RELEASE.jar;C:\Users\sebas\.m2\repository\org\springframework\boot\spring-boot-autoconfigure\2.3.4.RELEASE\spring-boot-autoconfigure-2.3.4.RELEASE.jar;C:\Users\sebas\.m2\repository\org\springframework\boot\spring-boot-starter-web\2.3.4.RELEASE\spring-boot-starter-web-2.3.4.RELEASE.jar;C:\Users\sebas\.m2\repository\org\springframework\boot\spring-boot-starter\2.3.4.RELEASE\spring-boot-starter-2.3.4.RELEASE.jar;C:\Users\sebas\.m2\repository\org\springframework\boot\spring-boot-starter-logging\2.3.4.RELEASE\spring-boot-starter-logging-2.3.4.RELEASE.jar;C:\Users\sebas\.m2\repository\ch\qos\logback\logback-classic\1.2.3\logback-classic-1.2.3.jar;C:\Users\sebas\.m2\repository\ch\qos\logback\logback-core\1.2.3\logback-core-1.2.3.jar;C:\Users\sebas\.m2\repository\org\apache\logging\log4j\log4j-to-slf4j\2.13.3\log4j-to-slf4j-2.13.3.jar;C:\Users\sebas\.m2\repository\org\apache\logging\log4j\log4j-api\2.13.3\log4j-api-2.13.3.jar;C:\Users\sebas\.m2\repository\org\slf4j\jul-to-slf4j\1.7.30\jul-to-slf4j-1.7.30.jar;C:\Users\sebas\.m2\repository\jakarta\annotation\jakarta.annotation-api\1.3.5\jakarta.annotation-api-1.3.5.jar;C:\Users\sebas\.m2\repository\org\yaml\snakeyaml\1.26\snakeyaml-1.26.jar;C:\Users\sebas\.m2\repository\org\springframework\boot\spring-boot-starter-json\2.3.4.RELEASE\spring-boot-starter-json-2.3.4.RELEASE.jar;C:\Users\sebas\.m2\repository\com\fasterxml\jackson\core\jackson-databind\2.11.2\jackson-databind-2.11.2.jar;C:\Users\sebas\.m2\repository\com\fasterxml\jackson\datatype\jackson-datatype-jdk8\2.11.2\jackson-datatype-jdk8-2.11.2.jar;C:\Users\sebas\.m2\repository\com\fasterxml\jackson\datatype\jackson-datatype-jsr310\2.11.2\jackson-datatype-jsr310-2.11.2.jar;C:\Users\sebas\.m2\repository\com\fasterxml\jackson\module\jackson-module-parameter-names\2.11.2\jackson-module-parameter-names-2.11.2.jar;C:\Users\sebas\.m2\repository\org\springframework\boot\spring-boot-starter-tomcat\2.3.4.RELEASE\spring-boot-starter-tomcat-2.3.4.RELEASE.jar;C:\Users\sebas\.m2\repository\org\apache\tomcat\embed\tomcat-embed-core\9.0.38\tomcat-embed-core-9.0.38.jar;C:\Users\sebas\.m2\repository\org\glassfish\jakarta.el\3.0.3\jakarta.el-3.0.3.jar;C:\Users\sebas\.m2\repository\org\apache\tomcat\embed\tomcat-embed-websocket\9.0.38\tomcat-embed-websocket-9.0.38.jar;C:\Users\sebas\.m2\repository\org\springframework\spring-web\5.2.9.RELEASE\spring-web-5.2.9.RELEASE.jar;C:\Users\sebas\.m2\repository\org\springframework\spring-webmvc\5.2.9.RELEASE\spring-webmvc-5.2.9.RELEASE.jar;C:\Users\sebas\.m2\repository\org\springframework\spring-expression\5.2.9.RELEASE\spring-expression-5.2.9.RELEASE.jar;C:\Users\sebas\.m2\repository\mysql\mysql-connector-java\8.0.21\mysql-connector-java-8.0.21.jar;C:\Users\sebas\.m2\repository\org\springframework\boot\spring-boot-starter-test\2.3.4.RELEASE\spring-boot-starter-test-2.3.4.RELEASE.jar;C:\Users\sebas\.m2\repository\org\springframework\boot\spring-boot-test-autoconfigure\2.3.4.RELEASE\spring-boot-test-autoconfigure-2.3.4.RELEASE.jar;C:\Users\sebas\.m2\repository\com\jayway\jsonpath\json-path\2.4.0\json-path-2.4.0.jar;C:\Users\sebas\.m2\repository\net\minidev\json-smart\2.3\json-smart-2.3.jar;C:\Users\sebas\.m2\repository\net\minidev\accessors-smart\1.2\accessors-smart-1.2.jar;C:\Users\sebas\.m2\repository\org\hamcrest\hamcrest\2.2\hamcrest-2.2.jar;C:\Users\sebas\.m2\repository\org\junit\jupiter\junit-jupiter\5.6.2\junit-jupiter-5.6.2.jar;C:\Users\sebas\.m2\repository\org\junit\jupiter\junit-jupiter-api\5.6.2\junit-jupiter-api-5.6.2.jar;C:\Users\sebas\.m2\repository\org\opentest4j\opentest4j\1.2.0\opentest4j-1.2.0.jar;C:\Users\sebas\.m2\repository\org\junit\platform\junit-platform-commons\1.6.2\junit-platform-commons-1.6.2.jar;C:\Users\sebas\.m2\repository\org\junit\jupiter\junit-jupiter-params\5.6.2\junit-jupiter-params-5.6.2.jar;C:\Users\sebas\.m2\repository\org\junit\jupiter\junit-jupiter-engine\5.6.2\junit-jupiter-engine-5.6.2.jar;C:\Users\sebas\.m2\repository\org\junit\platform\junit-platform-engine\1.6.2\junit-platform-engine-1.6.2.jar;C:\Users\sebas\.m2\repository\org\mockito\mockito-core\3.3.3\mockito-core-3.3.3.jar;C:\Users\sebas\.m2\repository\net\bytebuddy\byte-buddy-agent\1.10.14\byte-buddy-agent-1.10.14.jar;C:\Users\sebas\.m2\repository\org\objenesis\objenesis\2.6\objenesis-2.6.jar;C:\Users\sebas\.m2\repository\org\mockito\mockito-junit-jupiter\3.3.3\mockito-junit-jupiter-3.3.3.jar;C:\Users\sebas\.m2\repository\org\skyscreamer\jsonassert\1.5.0\jsonassert-1.5.0.jar;C:\Users\sebas\.m2\repository\com\vaadin\external\google\android-json\0.0.20131108.vaadin1\android-json-0.0.20131108.vaadin1.jar;C:\Users\sebas\.m2\repository\org\springframework\spring-core\5.2.9.RELEASE\spring-core-5.2.9.RELEASE.jar;C:\Users\sebas\.m2\repository\org\springframework\spring-jcl\5.2.9.RELEASE\spring-jcl-5.2.9.RELEASE.jar;C:\Users\sebas\.m2\repository\org\springframework\spring-test\5.2.9.RELEASE\spring-test-5.2.9.RELEASE.jar;C:\Users\sebas\.m2\repository\org\xmlunit\xmlunit-core\2.7.0\xmlunit-core-2.7.0.jar;C:\Users\sebas\.m2\repository\org\assertj\assertj-core\3.16.1\assertj-core-3.16.1.jar;C:\Users\sebas\.m2\repository\org\modelmapper\modelmapper\2.3.8\modelmapper-2.3.8.jar;C:\Users\sebas\.m2\repository\org\modelmapper\extensions\modelmapper-spring\2.3.8\modelmapper-spring-2.3.8.jar;C:\Users\sebas\.m2\repository\com\h2database\h2\1.4.200\h2-1.4.200.jar;C:\Users\sebas\.m2\repository\org\apache\maven\plugins\maven-surefire-plugin\2.22.2\maven-surefire-plugin-2.22.2.jar;C:\Users\sebas\.m2\repository\org\apache\maven\surefire\maven-surefire-common\2.22.2\maven-surefire-common-2.22.2.jar;C:\Users\sebas\.m2\repository\org\apache\maven\maven-plugin-api\2.2.1\maven-plugin-api-2.2.1.jar;C:\Users\sebas\.m2\repository\org\apache\maven\plugin-tools\maven-plugin-annotations\3.5.2\maven-plugin-annotations-3.5.2.jar;C:\Users\sebas\.m2\repository\org\apache\maven\surefire\surefire-api\2.22.2\surefire-api-2.22.2.jar;C:\Users\sebas\.m2\repository\org\apache\maven\surefire\surefire-logger-api\2.22.2\surefire-logger-api-2.22.2.jar;C:\Users\sebas\.m2\repository\org\apache\maven\surefire\surefire-booter\2.22.2\surefire-booter-2.22.2.jar;C:\Users\sebas\.m2\repository\org\apache\maven\maven-artifact\2.2.1\maven-artifact-2.2.1.jar;C:\Users\sebas\.m2\repository\org\codehaus\plexus\plexus-utils\1.5.15\plexus-utils-1.5.15.jar;C:\Users\sebas\.m2\repository\org\apache\maven\maven-plugin-descriptor\2.2.1\maven-plugin-descriptor-2.2.1.jar;C:\Users\sebas\.m2\repository\org\codehaus\plexus\plexus-container-default\1.0-alpha-9-stable-1\plexus-container-default-1.0-alpha-9-stable-1.jar;C:\Users\sebas\.m2\repository\org\apache\maven\maven-project\2.2.1\maven-project-2.2.1.jar;C:\Users\sebas\.m2\repository\org\apache\maven\maven-settings\2.2.1\maven-settings-2.2.1.jar;C:\Users\sebas\.m2\repository\org\apache\maven\maven-profile\2.2.1\maven-profile-2.2.1.jar;C:\Users\sebas\.m2\repository\org\apache\maven\maven-artifact-manager\2.2.1\maven-artifact-manager-2.2.1.jar;C:\Users\sebas\.m2\repository\backport-util-concurrent\backport-util-concurrent\3.1\backport-util-concurrent-3.1.jar;C:\Users\sebas\.m2\repository\org\apache\maven\maven-plugin-registry\2.2.1\maven-plugin-registry-2.2.1.jar;C:\Users\sebas\.m2\repository\org\codehaus\plexus\plexus-interpolation\1.11\plexus-interpolation-1.11.jar;C:\Users\sebas\.m2\repository\org\apache\maven\maven-model\2.2.1\maven-model-2.2.1.jar;C:\Users\sebas\.m2\repository\org\apache\maven\maven-core\2.2.1\maven-core-2.2.1.jar;C:\Users\sebas\.m2\repository\org\apache\maven\maven-plugin-parameter-documenter\2.2.1\maven-plugin-parameter-documenter-2.2.1.jar;C:\Users\sebas\.m2\repository\org\apache\maven\wagon\wagon-http\1.0-beta-6\wagon-http-1.0-beta-6.jar;C:\Users\sebas\.m2\repository\org\apache\maven\wagon\wagon-http-shared\1.0-beta-6\wagon-http-shared-1.0-beta-6.jar;C:\Users\sebas\.m2\repository\nekohtml\xercesMinimal\1.9.6.2\xercesMinimal-1.9.6.2.jar;C:\Users\sebas\.m2\repository\nekohtml\nekohtml\1.9.6.2\nekohtml-1.9.6.2.jar;C:\Users\sebas\.m2\repository\commons-httpclient\commons-httpclient\3.1\commons-httpclient-3.1.jar;C:\Users\sebas\.m2\repository\org\apache\maven\wagon\wagon-webdav-jackrabbit\1.0-beta-6\wagon-webdav-jackrabbit-1.0-beta-6.jar;C:\Users\sebas\.m2\repository\org\apache\jackrabbit\jackrabbit-webdav\1.5.0\jackrabbit-webdav-1.5.0.jar;C:\Users\sebas\.m2\repository\org\apache\jackrabbit\jackrabbit-jcr-commons\1.5.0\jackrabbit-jcr-commons-1.5.0.jar;C:\Users\sebas\.m2\repository\org\slf4j\slf4j-nop\1.7.30\slf4j-nop-1.7.30.jar;C:\Users\sebas\.m2\repository\org\slf4j\slf4j-jdk14\1.7.30\slf4j-jdk14-1.7.30.jar;C:\Users\sebas\.m2\repository\org\slf4j\jcl-over-slf4j\1.7.30\jcl-over-slf4j-1.7.30.jar;C:\Users\sebas\.m2\repository\org\apache\maven\reporting\maven-reporting-api\2.2.1\maven-reporting-api-2.2.1.jar;C:\Users\sebas\.m2\repository\org\apache\maven\doxia\doxia-logging-api\1.1\doxia-logging-api-1.1.jar;C:\Users\sebas\.m2\repository\org\apache\maven\wagon\wagon-provider-api\1.0-beta-6\wagon-provider-api-1.0-beta-6.jar;C:\Users\sebas\.m2\repository\org\apache\maven\maven-repository-metadata\2.2.1\maven-repository-metadata-2.2.1.jar;C:\Users\sebas\.m2\repository\org\apache\maven\maven-error-diagnostics\2.2.1\maven-error-diagnostics-2.2.1.jar;C:\Users\sebas\.m2\repository\org\apache\maven\maven-monitor\2.2.1\maven-monitor-2.2.1.jar;C:\Users\sebas\.m2\repository\classworlds\classworlds\1.1\classworlds-1.1.jar;C:\Users\sebas\.m2\repository\org\sonatype\plexus\plexus-sec-dispatcher\1.3\plexus-sec-dispatcher-1.3.jar;C:\Users\sebas\.m2\repository\org\sonatype\plexus\plexus-cipher\1.4\plexus-cipher-1.4.jar;C:\Users\sebas\.m2\repository\org\apache\maven\maven-toolchain\2.2.1\maven-toolchain-2.2.1.jar;C:\Users\sebas\.m2\repository\org\codehaus\plexus\plexus-java\0.9.10\plexus-java-0.9.10.jar;C:\Users\sebas\.m2\repository\org\ow2\asm\asm\6.2\asm-6.2.jar;C:\Users\sebas\.m2\repository\com\thoughtworks\qdox\qdox\2.0-M8\qdox-2.0-M8.jar;C:\Users\sebas\.m2\repository\org\springdoc\springdoc-openapi-ui\1.4.7\springdoc-openapi-ui-1.4.7.jar;C:\Users\sebas\.m2\repository\org\springdoc\springdoc-openapi-webmvc-core\1.4.7\springdoc-openapi-webmvc-core-1.4.7.jar;C:\Users\sebas\.m2\repository\org\springdoc\springdoc-openapi-common\1.4.7\springdoc-openapi-common-1.4.7.jar;C:\Users\sebas\.m2\repository\io\swagger\core\v3\swagger-models\2.1.4\swagger-models-2.1.4.jar;C:\Users\sebas\.m2\repository\io\swagger\core\v3\swagger-integration\2.1.4\swagger-integration-2.1.4.jar;C:\Users\sebas\.m2\repository\io\swagger\core\v3\swagger-core\2.1.4\swagger-core-2.1.4.jar;C:\Users\sebas\.m2\repository\com\fasterxml\jackson\dataformat\jackson-dataformat-yaml\2.11.2\jackson-dataformat-yaml-2.11.2.jar;C:\Users\sebas\.m2\repository\jakarta\validation\jakarta.validation-api\2.0.2\jakarta.validation-api-2.0.2.jar;C:\Users\sebas\.m2\repository\io\github\classgraph\classgraph\4.8.69\classgraph-4.8.69.jar;C:\Users\sebas\.m2\repository\org\webjars\swagger-ui\3.34.0\swagger-ui-3.34.0.jar;C:\Users\sebas\.m2\repository\org\webjars\webjars-locator-core\0.45\webjars-locator-core-0.45.jar;C:\Users\sebas\.m2\repository\com\fasterxml\jackson\core\jackson-core\2.11.2\jackson-core-2.11.2.jar;C:\Users\sebas\.m2\repository\org\springdoc\springdoc-openapi-data-rest\1.4.7\springdoc-openapi-data-rest-1.4.7.jar;C:\Users\sebas\.m2\repository\org\springdoc\springdoc-openapi-hateoas\1.4.7\springdoc-openapi-hateoas-1.4.7.jar;C:\Users\sebas\.m2\repository\org\springframework\hateoas\spring-hateoas\1.1.2.RELEASE\spring-hateoas-1.1.2.RELEASE.jar;C:\Users\sebas\.m2\repository\org\springframework\data\spring-data-rest-core\3.3.4.RELEASE\spring-data-rest-core-3.3.4.RELEASE.jar;C:\Users\sebas\.m2\repository\org\springframework\plugin\spring-plugin-core\2.0.0.RELEASE\spring-plugin-core-2.0.0.RELEASE.jar;C:\Users\sebas\.m2\repository\org\atteo\evo-inflector\1.2.2\evo-inflector-1.2.2.jar;C:\Users\sebas\.m2\repository\com\fasterxml\jackson\core\jackson-annotations\2.11.2\jackson-annotations-2.11.2.jar;C:\Users\sebas\.m2\repository\io\cucumber\cucumber-java\6.10.3\cucumber-java-6.10.3.jar;C:\Users\sebas\.m2\repository\org\apiguardian\apiguardian-api\1.1.1\apiguardian-api-1.1.1.jar;C:\Users\sebas\.m2\repository\org\testcontainers\testcontainers\1.15.3\testcontainers-1.15.3.jar;C:\Users\sebas\.m2\repository\junit\junit\4.13\junit-4.13.jar;C:\Users\sebas\.m2\repository\org\hamcrest\hamcrest-core\2.2\hamcrest-core-2.2.jar;C:\Users\sebas\.m2\repository\org\slf4j\slf4j-api\1.7.30\slf4j-api-1.7.30.jar;C:\Users\sebas\.m2\repository\org\apache\commons\commons-compress\1.20\commons-compress-1.20.jar;C:\Users\sebas\.m2\repository\org\rnorth\duct-tape\duct-tape\1.0.8\duct-tape-1.0.8.jar;C:\Users\sebas\.m2\repository\org\rnorth\visible-assertions\visible-assertions\2.1.2\visible-assertions-2.1.2.jar;C:\Users\sebas\.m2\repository\net\java\dev\jna\jna\5.2.0\jna-5.2.0.jar;C:\Users\sebas\.m2\repository\com\github\docker-java\docker-java-api\3.2.8\docker-java-api-3.2.8.jar;C:\Users\sebas\.m2\repository\com\github\docker-java\docker-java-transport-zerodep\3.2.8\docker-java-transport-zerodep-3.2.8.jar;C:\Users\sebas\.m2\repository\com\github\docker-java\docker-java-transport\3.2.8\docker-java-transport-3.2.8.jar;C:\Users\sebas\.m2\repository\org\postgresql\postgresql\42.2.20\postgresql-42.2.20.jar;C:\Users\sebas\.m2\repository\org\checkerframework\checker-qual\3.5.0\checker-qual-3.5.0.jar;C:\Users\sebas\.m2\repository\io\github\bonigarcia\webdrivermanager\4.0.0\webdrivermanager-4.0.0.jar;C:\Users\sebas\.m2\repository\commons-io\commons-io\2.6\commons-io-2.6.jar;C:\Users\sebas\.m2\repository\com\google\code\gson\gson\2.8.6\gson-2.8.6.jar;C:\Users\sebas\.m2\repository\org\apache\commons\commons-lang3\3.10\commons-lang3-3.10.jar;C:\Users\sebas\.m2\repository\org\apache\httpcomponents\client5\httpclient5\5.0\httpclient5-5.0.jar;C:\Users\sebas\.m2\repository\org\apache\httpcomponents\core5\httpcore5\5.0\httpcore5-5.0.jar;C:\Users\sebas\.m2\repository\org\apache\httpcomponents\core5\httpcore5-h2\5.0\httpcore5-h2-5.0.jar;C:\Users\sebas\.m2\repository\commons-codec\commons-codec\1.14\commons-codec-1.14.jar;C:\Users\sebas\.m2\repository\org\rauschig\jarchivelib\1.0.0\jarchivelib-1.0.0.jar;C:\Users\sebas\.m2\repository\org\jsoup\jsoup\1.13.1\jsoup-1.13.1.jar;C:\Users\sebas\.m2\repository\org\seleniumhq\selenium\selenium-java\3.141.59\selenium-java-3.141.59.jar;C:\Users\sebas\.m2\repository\org\seleniumhq\selenium\selenium-api\3.141.59\selenium-api-3.141.59.jar;C:\Users\sebas\.m2\repository\org\seleniumhq\selenium\selenium-edge-driver\3.141.59\selenium-edge-driver-3.141.59.jar;C:\Users\sebas\.m2\repository\org\seleniumhq\selenium\selenium-firefox-driver\3.141.59\selenium-firefox-driver-3.141.59.jar;C:\Users\sebas\.m2\repository\org\seleniumhq\selenium\selenium-ie-driver\3.141.59\selenium-ie-driver-3.141.59.jar;C:\Users\sebas\.m2\repository\org\seleniumhq\selenium\selenium-opera-driver\3.141.59\selenium-opera-driver-3.141.59.jar;C:\Users\sebas\.m2\repository\org\seleniumhq\selenium\selenium-remote-driver\3.141.59\selenium-remote-driver-3.141.59.jar;C:\Users\sebas\.m2\repository\org\seleniumhq\selenium\selenium-safari-driver\3.141.59\selenium-safari-driver-3.141.59.jar;C:\Users\sebas\.m2\repository\org\seleniumhq\selenium\selenium-support\3.141.59\selenium-support-3.141.59.jar;C:\Users\sebas\.m2\repository\net\bytebuddy\byte-buddy\1.10.14\byte-buddy-1.10.14.jar;C:\Users\sebas\.m2\repository\org\apache\commons\commons-exec\1.3\commons-exec-1.3.jar;C:\Users\sebas\.m2\repository\com\google\guava\guava\25.0-jre\guava-25.0-jre.jar;C:\Users\sebas\.m2\repository\com\google\code\findbugs\jsr305\1.3.9\jsr305-1.3.9.jar;C:\Users\sebas\.m2\repository\org\checkerframework\checker-compat-qual\2.0.0\checker-compat-qual-2.0.0.jar;C:\Users\sebas\.m2\repository\com\google\errorprone\error_prone_annotations\2.1.3\error_prone_annotations-2.1.3.jar;C:\Users\sebas\.m2\repository\com\google\j2objc\j2objc-annotations\1.1\j2objc-annotations-1.1.jar;C:\Users\sebas\.m2\repository\org\codehaus\mojo\animal-sniffer-annotations\1.14\animal-sniffer-annotations-1.14.jar;C:\Users\sebas\.m2\repository\com\squareup\okhttp3\okhttp\3.14.9\okhttp-3.14.9.jar;C:\Users\sebas\.m2\repository\com\squareup\okio\okio\1.14.0\okio-1.14.0.jar;C:\Users\sebas\.m2\repository\org\seleniumhq\selenium\selenium-chrome-driver\3.141.59\selenium-chrome-driver-3.141.59.jar;C:\Users\sebas\.m2\repository\io\cucumber\cucumber-junit\6.8.0\cucumber-junit-6.8.0.jar;C:\Users\sebas\.m2\repository\io\cucumber\cucumber-core\6.10.4\cucumber-core-6.10.4.jar;C:\Users\sebas\.m2\repository\io\cucumber\cucumber-gherkin\6.10.4\cucumber-gherkin-6.10.4.jar;C:\Users\sebas\.m2\repository\io\cucumber\cucumber-gherkin-messages\6.10.4\cucumber-gherkin-messages-6.10.4.jar;C:\Users\sebas\.m2\repository\io\cucumber\messages\15.0.0\messages-15.0.0.jar;C:\Users\sebas\.m2\repository\io\cucumber\tag-expressions\3.0.1\tag-expressions-3.0.1.jar;C:\Users\sebas\.m2\repository\io\cucumber\cucumber-expressions\10.3.0\cucumber-expressions-10.3.0.jar;C:\Users\sebas\.m2\repository\io\cucumber\datatable\3.5.0\datatable-3.5.0.jar;C:\Users\sebas\.m2\repository\io\cucumber\cucumber-plugin\6.10.4\cucumber-plugin-6.10.4.jar;C:\Users\sebas\.m2\repository\io\cucumber\docstring\6.10.4\docstring-6.10.4.jar;C:\Users\sebas\.m2\repository\io\cucumber\html-formatter\13.0.0\html-formatter-13.0.0.jar;C:\Users\sebas\.m2\repository\io\cucumber\create-meta\4.0.0\create-meta-4.0.0.jar;C:\Users\sebas\.m2\repository\jakarta\xml\bind\jakarta.xml.bind-api\2.3.2\jakarta.xml.bind-api-2.3.2.jar;C:\Users\sebas\.m2\repository\jakarta\activation\jakarta.activation-api\1.2.2\jakarta.activation-api-1.2.2.jar;C:\Users\sebas\.m2\repository\org\javassist\javassist\3.25.0-GA\javassist-3.25.0-GA.jar;C:\Users\sebas\.m2\repository\io\swagger\core\v3\swagger-annotations\2.1.9\swagger-annotations-2.1.9.jar;C:\Users\sebas\.m2\repository\org\springframework\boot\spring-boot-test\2.3.4.RELEASE\spring-boot-test-2.3.4.RELEASE.jar;"/>
    <property name="java.vm.vendor" value="Amazon.com Inc."/>
    <property name="sun.arch.data.model" value="64"/>
    <property name="user.variant" value=""/>
    <property name="java.vendor.url" value="https://aws.amazon.com/corretto/"/>
    <property name="user.timezone" value="America/Lima"/>
    <property name="os.name" value="Windows 10"/>
    <property name="java.vm.specification.version" value="16"/>
    <property name="sun.java.launcher" value="SUN_STANDARD"/>
    <property name="user.country" value="ES"/>
    <property name="sun.boot.library.path" value="C:\Users\sebas\.jdks\corretto-16.0.2\bin"/>
    <property name="sun.java.command" value="C:\Users\sebas\AppData\Local\Temp\surefire10879739437795697573\surefirebooter7972507692515572205.jar C:\Users\sebas\AppData\Local\Temp\surefire10879739437795697573 2021-11-03T16-25-24_684-jvmRun1 surefire17578651606169716811tmp surefire_015685770969779606699tmp"/>
    <property name="jdk.debug" value="release"/>
    <property name="surefire.test.class.path" value="C:\Users\sebas\OneDrive - Universidad Peruana de Ciencias\2021-02\UNIVERSITY\Diseño de experimentos\PROYECTO_TB3\BackEnd\target\test-classes;C:\Users\sebas\OneDrive - Universidad Peruana de Ciencias\2021-02\UNIVERSITY\Diseño de experimentos\PROYECTO_TB3\BackEnd\target\classes;C:\Users\sebas\.m2\repository\org\springframework\boot\spring-boot-starter-data-jpa\2.3.4.RELEASE\spring-boot-starter-data-jpa-2.3.4.RELEASE.jar;C:\Users\sebas\.m2\repository\org\springframework\boot\spring-boot-starter-aop\2.3.4.RELEASE\spring-boot-starter-aop-2.3.4.RELEASE.jar;C:\Users\sebas\.m2\repository\org\springframework\spring-aop\5.2.9.RELEASE\spring-aop-5.2.9.RELEASE.jar;C:\Users\sebas\.m2\repository\org\aspectj\aspectjweaver\1.9.6\aspectjweaver-1.9.6.jar;C:\Users\sebas\.m2\repository\org\springframework\boot\spring-boot-starter-jdbc\2.3.4.RELEASE\spring-boot-starter-jdbc-2.3.4.RELEASE.jar;C:\Users\sebas\.m2\repository\com\zaxxer\HikariCP\3.4.5\HikariCP-3.4.5.jar;C:\Users\sebas\.m2\repository\org\springframework\spring-jdbc\5.2.9.RELEASE\spring-jdbc-5.2.9.RELEASE.jar;C:\Users\sebas\.m2\repository\jakarta\transaction\jakarta.transaction-api\1.3.3\jakarta.transaction-api-1.3.3.jar;C:\Users\sebas\.m2\repository\jakarta\persistence\jakarta.persistence-api\2.2.3\jakarta.persistence-api-2.2.3.jar;C:\Users\sebas\.m2\repository\org\hibernate\hibernate-core\5.4.21.Final\hibernate-core-5.4.21.Final.jar;C:\Users\sebas\.m2\repository\org\jboss\logging\jboss-logging\3.4.1.Final\jboss-logging-3.4.1.Final.jar;C:\Users\sebas\.m2\repository\antlr\antlr\2.7.7\antlr-2.7.7.jar;C:\Users\sebas\.m2\repository\org\jboss\jandex\2.1.3.Final\jandex-2.1.3.Final.jar;C:\Users\sebas\.m2\repository\com\fasterxml\classmate\1.5.1\classmate-1.5.1.jar;C:\Users\sebas\.m2\repository\org\dom4j\dom4j\2.1.3\dom4j-2.1.3.jar;C:\Users\sebas\.m2\repository\org\hibernate\common\hibernate-commons-annotations\5.1.0.Final\hibernate-commons-annotations-5.1.0.Final.jar;C:\Users\sebas\.m2\repository\org\glassfish\jaxb\jaxb-runtime\2.3.3\jaxb-runtime-2.3.3.jar;C:\Users\sebas\.m2\repository\org\glassfish\jaxb\txw2\2.3.3\txw2-2.3.3.jar;C:\Users\sebas\.m2\repository\com\sun\istack\istack-commons-runtime\3.0.11\istack-commons-runtime-3.0.11.jar;C:\Users\sebas\.m2\repository\com\sun\activation\jakarta.activation\1.2.2\jakarta.activation-1.2.2.jar;C:\Users\sebas\.m2\repository\org\springframework\data\spring-data-jpa\2.3.4.RELEASE\spring-data-jpa-2.3.4.RELEASE.jar;C:\Users\sebas\.m2\repository\org\springframework\data\spring-data-commons\2.3.4.RELEASE\spring-data-commons-2.3.4.RELEASE.jar;C:\Users\sebas\.m2\repository\org\springframework\spring-orm\5.2.9.RELEASE\spring-orm-5.2.9.RELEASE.jar;C:\Users\sebas\.m2\repository\org\springframework\spring-context\5.2.9.RELEASE\spring-context-5.2.9.RELEASE.jar;C:\Users\sebas\.m2\repository\org\springframework\spring-tx\5.2.9.RELEASE\spring-tx-5.2.9.RELEASE.jar;C:\Users\sebas\.m2\repository\org\springframework\spring-beans\5.2.9.RELEASE\spring-beans-5.2.9.RELEASE.jar;C:\Users\sebas\.m2\repository\org\springframework\spring-aspects\5.2.9.RELEASE\spring-aspects-5.2.9.RELEASE.jar;C:\Users\sebas\.m2\repository\org\springframework\boot\spring-boot-devtools\2.3.4.RELEASE\spring-boot-devtools-2.3.4.RELEASE.jar;C:\Users\sebas\.m2\repository\org\springframework\boot\spring-boot\2.3.4.RELEASE\spring-boot-2.3.4.RELEASE.jar;C:\Users\sebas\.m2\repository\org\springframework\boot\spring-boot-autoconfigure\2.3.4.RELEASE\spring-boot-autoconfigure-2.3.4.RELEASE.jar;C:\Users\sebas\.m2\repository\org\springframework\boot\spring-boot-starter-web\2.3.4.RELEASE\spring-boot-starter-web-2.3.4.RELEASE.jar;C:\Users\sebas\.m2\repository\org\springframework\boot\spring-boot-starter\2.3.4.RELEASE\spring-boot-starter-2.3.4.RELEASE.jar;C:\Users\sebas\.m2\repository\org\springframework\boot\spring-boot-starter-logging\2.3.4.RELEASE\spring-boot-starter-logging-2.3.4.RELEASE.jar;C:\Users\sebas\.m2\repository\ch\qos\logback\logback-classic\1.2.3\logback-classic-1.2.3.jar;C:\Users\sebas\.m2\repository\ch\qos\logback\logback-core\1.2.3\logback-core-1.2.3.jar;C:\Users\sebas\.m2\repository\org\apache\logging\log4j\log4j-to-slf4j\2.13.3\log4j-to-slf4j-2.13.3.jar;C:\Users\sebas\.m2\repository\org\apache\logging\log4j\log4j-api\2.13.3\log4j-api-2.13.3.jar;C:\Users\sebas\.m2\repository\org\slf4j\jul-to-slf4j\1.7.30\jul-to-slf4j-1.7.30.jar;C:\Users\sebas\.m2\repository\jakarta\annotation\jakarta.annotation-api\1.3.5\jakarta.annotation-api-1.3.5.jar;C:\Users\sebas\.m2\repository\org\yaml\snakeyaml\1.26\snakeyaml-1.26.jar;C:\Users\sebas\.m2\repository\org\springframework\boot\spring-boot-starter-json\2.3.4.RELEASE\spring-boot-starter-json-2.3.4.RELEASE.jar;C:\Users\sebas\.m2\repository\com\fasterxml\jackson\core\jackson-databind\2.11.2\jackson-databind-2.11.2.jar;C:\Users\sebas\.m2\repository\com\fasterxml\jackson\datatype\jackson-datatype-jdk8\2.11.2\jackson-datatype-jdk8-2.11.2.jar;C:\Users\sebas\.m2\repository\com\fasterxml\jackson\datatype\jackson-datatype-jsr310\2.11.2\jackson-datatype-jsr310-2.11.2.jar;C:\Users\sebas\.m2\repository\com\fasterxml\jackson\module\jackson-module-parameter-names\2.11.2\jackson-module-parameter-names-2.11.2.jar;C:\Users\sebas\.m2\repository\org\springframework\boot\spring-boot-starter-tomcat\2.3.4.RELEASE\spring-boot-starter-tomcat-2.3.4.RELEASE.jar;C:\Users\sebas\.m2\repository\org\apache\tomcat\embed\tomcat-embed-core\9.0.38\tomcat-embed-core-9.0.38.jar;C:\Users\sebas\.m2\repository\org\glassfish\jakarta.el\3.0.3\jakarta.el-3.0.3.jar;C:\Users\sebas\.m2\repository\org\apache\tomcat\embed\tomcat-embed-websocket\9.0.38\tomcat-embed-websocket-9.0.38.jar;C:\Users\sebas\.m2\repository\org\springframework\spring-web\5.2.9.RELEASE\spring-web-5.2.9.RELEASE.jar;C:\Users\sebas\.m2\repository\org\springframework\spring-webmvc\5.2.9.RELEASE\spring-webmvc-5.2.9.RELEASE.jar;C:\Users\sebas\.m2\repository\org\springframework\spring-expression\5.2.9.RELEASE\spring-expression-5.2.9.RELEASE.jar;C:\Users\sebas\.m2\repository\mysql\mysql-connector-java\8.0.21\mysql-connector-java-8.0.21.jar;C:\Users\sebas\.m2\repository\org\springframework\boot\spring-boot-starter-test\2.3.4.RELEASE\spring-boot-starter-test-2.3.4.RELEASE.jar;C:\Users\sebas\.m2\repository\org\springframework\boot\spring-boot-test-autoconfigure\2.3.4.RELEASE\spring-boot-test-autoconfigure-2.3.4.RELEASE.jar;C:\Users\sebas\.m2\repository\com\jayway\jsonpath\json-path\2.4.0\json-path-2.4.0.jar;C:\Users\sebas\.m2\repository\net\minidev\json-smart\2.3\json-smart-2.3.jar;C:\Users\sebas\.m2\repository\net\minidev\accessors-smart\1.2\accessors-smart-1.2.jar;C:\Users\sebas\.m2\repository\org\hamcrest\hamcrest\2.2\hamcrest-2.2.jar;C:\Users\sebas\.m2\repository\org\junit\jupiter\junit-jupiter\5.6.2\junit-jupiter-5.6.2.jar;C:\Users\sebas\.m2\repository\org\junit\jupiter\junit-jupiter-api\5.6.2\junit-jupiter-api-5.6.2.jar;C:\Users\sebas\.m2\repository\org\opentest4j\opentest4j\1.2.0\opentest4j-1.2.0.jar;C:\Users\sebas\.m2\repository\org\junit\platform\junit-platform-commons\1.6.2\junit-platform-commons-1.6.2.jar;C:\Users\sebas\.m2\repository\org\junit\jupiter\junit-jupiter-params\5.6.2\junit-jupiter-params-5.6.2.jar;C:\Users\sebas\.m2\repository\org\junit\jupiter\junit-jupiter-engine\5.6.2\junit-jupiter-engine-5.6.2.jar;C:\Users\sebas\.m2\repository\org\junit\platform\junit-platform-engine\1.6.2\junit-platform-engine-1.6.2.jar;C:\Users\sebas\.m2\repository\org\mockito\mockito-core\3.3.3\mockito-core-3.3.3.jar;C:\Users\sebas\.m2\repository\net\bytebuddy\byte-buddy-agent\1.10.14\byte-buddy-agent-1.10.14.jar;C:\Users\sebas\.m2\repository\org\objenesis\objenesis\2.6\objenesis-2.6.jar;C:\Users\sebas\.m2\repository\org\mockito\mockito-junit-jupiter\3.3.3\mockito-junit-jupiter-3.3.3.jar;C:\Users\sebas\.m2\repository\org\skyscreamer\jsonassert\1.5.0\jsonassert-1.5.0.jar;C:\Users\sebas\.m2\repository\com\vaadin\external\google\android-json\0.0.20131108.vaadin1\android-json-0.0.20131108.vaadin1.jar;C:\Users\sebas\.m2\repository\org\springframework\spring-core\5.2.9.RELEASE\spring-core-5.2.9.RELEASE.jar;C:\Users\sebas\.m2\repository\org\springframework\spring-jcl\5.2.9.RELEASE\spring-jcl-5.2.9.RELEASE.jar;C:\Users\sebas\.m2\repository\org\springframework\spring-test\5.2.9.RELEASE\spring-test-5.2.9.RELEASE.jar;C:\Users\sebas\.m2\repository\org\xmlunit\xmlunit-core\2.7.0\xmlunit-core-2.7.0.jar;C:\Users\sebas\.m2\repository\org\assertj\assertj-core\3.16.1\assertj-core-3.16.1.jar;C:\Users\sebas\.m2\repository\org\modelmapper\modelmapper\2.3.8\modelmapper-2.3.8.jar;C:\Users\sebas\.m2\repository\org\modelmapper\extensions\modelmapper-spring\2.3.8\modelmapper-spring-2.3.8.jar;C:\Users\sebas\.m2\repository\com\h2database\h2\1.4.200\h2-1.4.200.jar;C:\Users\sebas\.m2\repository\org\apache\maven\plugins\maven-surefire-plugin\2.22.2\maven-surefire-plugin-2.22.2.jar;C:\Users\sebas\.m2\repository\org\apache\maven\surefire\maven-surefire-common\2.22.2\maven-surefire-common-2.22.2.jar;C:\Users\sebas\.m2\repository\org\apache\maven\maven-plugin-api\2.2.1\maven-plugin-api-2.2.1.jar;C:\Users\sebas\.m2\repository\org\apache\maven\plugin-tools\maven-plugin-annotations\3.5.2\maven-plugin-annotations-3.5.2.jar;C:\Users\sebas\.m2\repository\org\apache\maven\surefire\surefire-api\2.22.2\surefire-api-2.22.2.jar;C:\Users\sebas\.m2\repository\org\apache\maven\surefire\surefire-logger-api\2.22.2\surefire-logger-api-2.22.2.jar;C:\Users\sebas\.m2\repository\org\apache\maven\surefire\surefire-booter\2.22.2\surefire-booter-2.22.2.jar;C:\Users\sebas\.m2\repository\org\apache\maven\maven-artifact\2.2.1\maven-artifact-2.2.1.jar;C:\Users\sebas\.m2\repository\org\codehaus\plexus\plexus-utils\1.5.15\plexus-utils-1.5.15.jar;C:\Users\sebas\.m2\repository\org\apache\maven\maven-plugin-descriptor\2.2.1\maven-plugin-descriptor-2.2.1.jar;C:\Users\sebas\.m2\repository\org\codehaus\plexus\plexus-container-default\1.0-alpha-9-stable-1\plexus-container-default-1.0-alpha-9-stable-1.jar;C:\Users\sebas\.m2\repository\org\apache\maven\maven-project\2.2.1\maven-project-2.2.1.jar;C:\Users\sebas\.m2\repository\org\apache\maven\maven-settings\2.2.1\maven-settings-2.2.1.jar;C:\Users\sebas\.m2\repository\org\apache\maven\maven-profile\2.2.1\maven-profile-2.2.1.jar;C:\Users\sebas\.m2\repository\org\apache\maven\maven-artifact-manager\2.2.1\maven-artifact-manager-2.2.1.jar;C:\Users\sebas\.m2\repository\backport-util-concurrent\backport-util-concurrent\3.1\backport-util-concurrent-3.1.jar;C:\Users\sebas\.m2\repository\org\apache\maven\maven-plugin-registry\2.2.1\maven-plugin-registry-2.2.1.jar;C:\Users\sebas\.m2\repository\org\codehaus\plexus\plexus-interpolation\1.11\plexus-interpolation-1.11.jar;C:\Users\sebas\.m2\repository\org\apache\maven\maven-model\2.2.1\maven-model-2.2.1.jar;C:\Users\sebas\.m2\repository\org\apache\maven\maven-core\2.2.1\maven-core-2.2.1.jar;C:\Users\sebas\.m2\repository\org\apache\maven\maven-plugin-parameter-documenter\2.2.1\maven-plugin-parameter-documenter-2.2.1.jar;C:\Users\sebas\.m2\repository\org\apache\maven\wagon\wagon-http\1.0-beta-6\wagon-http-1.0-beta-6.jar;C:\Users\sebas\.m2\repository\org\apache\maven\wagon\wagon-http-shared\1.0-beta-6\wagon-http-shared-1.0-beta-6.jar;C:\Users\sebas\.m2\repository\nekohtml\xercesMinimal\1.9.6.2\xercesMinimal-1.9.6.2.jar;C:\Users\sebas\.m2\repository\nekohtml\nekohtml\1.9.6.2\nekohtml-1.9.6.2.jar;C:\Users\sebas\.m2\repository\commons-httpclient\commons-httpclient\3.1\commons-httpclient-3.1.jar;C:\Users\sebas\.m2\repository\org\apache\maven\wagon\wagon-webdav-jackrabbit\1.0-beta-6\wagon-webdav-jackrabbit-1.0-beta-6.jar;C:\Users\sebas\.m2\repository\org\apache\jackrabbit\jackrabbit-webdav\1.5.0\jackrabbit-webdav-1.5.0.jar;C:\Users\sebas\.m2\repository\org\apache\jackrabbit\jackrabbit-jcr-commons\1.5.0\jackrabbit-jcr-commons-1.5.0.jar;C:\Users\sebas\.m2\repository\org\slf4j\slf4j-nop\1.7.30\slf4j-nop-1.7.30.jar;C:\Users\sebas\.m2\repository\org\slf4j\slf4j-jdk14\1.7.30\slf4j-jdk14-1.7.30.jar;C:\Users\sebas\.m2\repository\org\slf4j\jcl-over-slf4j\1.7.30\jcl-over-slf4j-1.7.30.jar;C:\Users\sebas\.m2\repository\org\apache\maven\reporting\maven-reporting-api\2.2.1\maven-reporting-api-2.2.1.jar;C:\Users\sebas\.m2\repository\org\apache\maven\doxia\doxia-logging-api\1.1\doxia-logging-api-1.1.jar;C:\Users\sebas\.m2\repository\org\apache\maven\wagon\wagon-provider-api\1.0-beta-6\wagon-provider-api-1.0-beta-6.jar;C:\Users\sebas\.m2\repository\org\apache\maven\maven-repository-metadata\2.2.1\maven-repository-metadata-2.2.1.jar;C:\Users\sebas\.m2\repository\org\apache\maven\maven-error-diagnostics\2.2.1\maven-error-diagnostics-2.2.1.jar;C:\Users\sebas\.m2\repository\org\apache\maven\maven-monitor\2.2.1\maven-monitor-2.2.1.jar;C:\Users\sebas\.m2\repository\classworlds\classworlds\1.1\classworlds-1.1.jar;C:\Users\sebas\.m2\repository\org\sonatype\plexus\plexus-sec-dispatcher\1.3\plexus-sec-dispatcher-1.3.jar;C:\Users\sebas\.m2\repository\org\sonatype\plexus\plexus-cipher\1.4\plexus-cipher-1.4.jar;C:\Users\sebas\.m2\repository\org\apache\maven\maven-toolchain\2.2.1\maven-toolchain-2.2.1.jar;C:\Users\sebas\.m2\repository\org\codehaus\plexus\plexus-java\0.9.10\plexus-java-0.9.10.jar;C:\Users\sebas\.m2\repository\org\ow2\asm\asm\6.2\asm-6.2.jar;C:\Users\sebas\.m2\repository\com\thoughtworks\qdox\qdox\2.0-M8\qdox-2.0-M8.jar;C:\Users\sebas\.m2\repository\org\springdoc\springdoc-openapi-ui\1.4.7\springdoc-openapi-ui-1.4.7.jar;C:\Users\sebas\.m2\repository\org\springdoc\springdoc-openapi-webmvc-core\1.4.7\springdoc-openapi-webmvc-core-1.4.7.jar;C:\Users\sebas\.m2\repository\org\springdoc\springdoc-openapi-common\1.4.7\springdoc-openapi-common-1.4.7.jar;C:\Users\sebas\.m2\repository\io\swagger\core\v3\swagger-models\2.1.4\swagger-models-2.1.4.jar;C:\Users\sebas\.m2\repository\io\swagger\core\v3\swagger-integration\2.1.4\swagger-integration-2.1.4.jar;C:\Users\sebas\.m2\repository\io\swagger\core\v3\swagger-core\2.1.4\swagger-core-2.1.4.jar;C:\Users\sebas\.m2\repository\com\fasterxml\jackson\dataformat\jackson-dataformat-yaml\2.11.2\jackson-dataformat-yaml-2.11.2.jar;C:\Users\sebas\.m2\repository\jakarta\validation\jakarta.validation-api\2.0.2\jakarta.validation-api-2.0.2.jar;C:\Users\sebas\.m2\repository\io\github\classgraph\classgraph\4.8.69\classgraph-4.8.69.jar;C:\Users\sebas\.m2\repository\org\webjars\swagger-ui\3.34.0\swagger-ui-3.34.0.jar;C:\Users\sebas\.m2\repository\org\webjars\webjars-locator-core\0.45\webjars-locator-core-0.45.jar;C:\Users\sebas\.m2\repository\com\fasterxml\jackson\core\jackson-core\2.11.2\jackson-core-2.11.2.jar;C:\Users\sebas\.m2\repository\org\springdoc\springdoc-openapi-data-rest\1.4.7\springdoc-openapi-data-rest-1.4.7.jar;C:\Users\sebas\.m2\repository\org\springdoc\springdoc-openapi-hateoas\1.4.7\springdoc-openapi-hateoas-1.4.7.jar;C:\Users\sebas\.m2\repository\org\springframework\hateoas\spring-hateoas\1.1.2.RELEASE\spring-hateoas-1.1.2.RELEASE.jar;C:\Users\sebas\.m2\repository\org\springframework\data\spring-data-rest-core\3.3.4.RELEASE\spring-data-rest-core-3.3.4.RELEASE.jar;C:\Users\sebas\.m2\repository\org\springframework\plugin\spring-plugin-core\2.0.0.RELEASE\spring-plugin-core-2.0.0.RELEASE.jar;C:\Users\sebas\.m2\repository\org\atteo\evo-inflector\1.2.2\evo-inflector-1.2.2.jar;C:\Users\sebas\.m2\repository\com\fasterxml\jackson\core\jackson-annotations\2.11.2\jackson-annotations-2.11.2.jar;C:\Users\sebas\.m2\repository\io\cucumber\cucumber-java\6.10.3\cucumber-java-6.10.3.jar;C:\Users\sebas\.m2\repository\org\apiguardian\apiguardian-api\1.1.1\apiguardian-api-1.1.1.jar;C:\Users\sebas\.m2\repository\org\testcontainers\testcontainers\1.15.3\testcontainers-1.15.3.jar;C:\Users\sebas\.m2\repository\junit\junit\4.13\junit-4.13.jar;C:\Users\sebas\.m2\repository\org\hamcrest\hamcrest-core\2.2\hamcrest-core-2.2.jar;C:\Users\sebas\.m2\repository\org\slf4j\slf4j-api\1.7.30\slf4j-api-1.7.30.jar;C:\Users\sebas\.m2\repository\org\apache\commons\commons-compress\1.20\commons-compress-1.20.jar;C:\Users\sebas\.m2\repository\org\rnorth\duct-tape\duct-tape\1.0.8\duct-tape-1.0.8.jar;C:\Users\sebas\.m2\repository\org\rnorth\visible-assertions\visible-assertions\2.1.2\visible-assertions-2.1.2.jar;C:\Users\sebas\.m2\repository\net\java\dev\jna\jna\5.2.0\jna-5.2.0.jar;C:\Users\sebas\.m2\repository\com\github\docker-java\docker-java-api\3.2.8\docker-java-api-3.2.8.jar;C:\Users\sebas\.m2\repository\com\github\docker-java\docker-java-transport-zerodep\3.2.8\docker-java-transport-zerodep-3.2.8.jar;C:\Users\sebas\.m2\repository\com\github\docker-java\docker-java-transport\3.2.8\docker-java-transport-3.2.8.jar;C:\Users\sebas\.m2\repository\org\postgresql\postgresql\42.2.20\postgresql-42.2.20.jar;C:\Users\sebas\.m2\repository\org\checkerframework\checker-qual\3.5.0\checker-qual-3.5.0.jar;C:\Users\sebas\.m2\repository\io\github\bonigarcia\webdrivermanager\4.0.0\webdrivermanager-4.0.0.jar;C:\Users\sebas\.m2\repository\commons-io\commons-io\2.6\commons-io-2.6.jar;C:\Users\sebas\.m2\repository\com\google\code\gson\gson\2.8.6\gson-2.8.6.jar;C:\Users\sebas\.m2\repository\org\apache\commons\commons-lang3\3.10\commons-lang3-3.10.jar;C:\Users\sebas\.m2\repository\org\apache\httpcomponents\client5\httpclient5\5.0\httpclient5-5.0.jar;C:\Users\sebas\.m2\repository\org\apache\httpcomponents\core5\httpcore5\5.0\httpcore5-5.0.jar;C:\Users\sebas\.m2\repository\org\apache\httpcomponents\core5\httpcore5-h2\5.0\httpcore5-h2-5.0.jar;C:\Users\sebas\.m2\repository\commons-codec\commons-codec\1.14\commons-codec-1.14.jar;C:\Users\sebas\.m2\repository\org\rauschig\jarchivelib\1.0.0\jarchivelib-1.0.0.jar;C:\Users\sebas\.m2\repository\org\jsoup\jsoup\1.13.1\jsoup-1.13.1.jar;C:\Users\sebas\.m2\repository\org\seleniumhq\selenium\selenium-java\3.141.59\selenium-java-3.141.59.jar;C:\Users\sebas\.m2\repository\org\seleniumhq\selenium\selenium-api\3.141.59\selenium-api-3.141.59.jar;C:\Users\sebas\.m2\repository\org\seleniumhq\selenium\selenium-edge-driver\3.141.59\selenium-edge-driver-3.141.59.jar;C:\Users\sebas\.m2\repository\org\seleniumhq\selenium\selenium-firefox-driver\3.141.59\selenium-firefox-driver-3.141.59.jar;C:\Users\sebas\.m2\repository\org\seleniumhq\selenium\selenium-ie-driver\3.141.59\selenium-ie-driver-3.141.59.jar;C:\Users\sebas\.m2\repository\org\seleniumhq\selenium\selenium-opera-driver\3.141.59\selenium-opera-driver-3.141.59.jar;C:\Users\sebas\.m2\repository\org\seleniumhq\selenium\selenium-remote-driver\3.141.59\selenium-remote-driver-3.141.59.jar;C:\Users\sebas\.m2\repository\org\seleniumhq\selenium\selenium-safari-driver\3.141.59\selenium-safari-driver-3.141.59.jar;C:\Users\sebas\.m2\repository\org\seleniumhq\selenium\selenium-support\3.141.59\selenium-support-3.141.59.jar;C:\Users\sebas\.m2\repository\net\bytebuddy\byte-buddy\1.10.14\byte-buddy-1.10.14.jar;C:\Users\sebas\.m2\repository\org\apache\commons\commons-exec\1.3\commons-exec-1.3.jar;C:\Users\sebas\.m2\repository\com\google\guava\guava\25.0-jre\guava-25.0-jre.jar;C:\Users\sebas\.m2\repository\com\google\code\findbugs\jsr305\1.3.9\jsr305-1.3.9.jar;C:\Users\sebas\.m2\repository\org\checkerframework\checker-compat-qual\2.0.0\checker-compat-qual-2.0.0.jar;C:\Users\sebas\.m2\repository\com\google\errorprone\error_prone_annotations\2.1.3\error_prone_annotations-2.1.3.jar;C:\Users\sebas\.m2\repository\com\google\j2objc\j2objc-annotations\1.1\j2objc-annotations-1.1.jar;C:\Users\sebas\.m2\repository\org\codehaus\mojo\animal-sniffer-annotations\1.14\animal-sniffer-annotations-1.14.jar;C:\Users\sebas\.m2\repository\com\squareup\okhttp3\okhttp\3.14.9\okhttp-3.14.9.jar;C:\Users\sebas\.m2\repository\com\squareup\okio\okio\1.14.0\okio-1.14.0.jar;C:\Users\sebas\.m2\repository\org\seleniumhq\selenium\selenium-chrome-driver\3.141.59\selenium-chrome-driver-3.141.59.jar;C:\Users\sebas\.m2\repository\io\cucumber\cucumber-junit\6.8.0\cucumber-junit-6.8.0.jar;C:\Users\sebas\.m2\repository\io\cucumber\cucumber-core\6.10.4\cucumber-core-6.10.4.jar;C:\Users\sebas\.m2\repository\io\cucumber\cucumber-gherkin\6.10.4\cucumber-gherkin-6.10.4.jar;C:\Users\sebas\.m2\repository\io\cucumber\cucumber-gherkin-messages\6.10.4\cucumber-gherkin-messages-6.10.4.jar;C:\Users\sebas\.m2\repository\io\cucumber\messages\15.0.0\messages-15.0.0.jar;C:\Users\sebas\.m2\repository\io\cucumber\tag-expressions\3.0.1\tag-expressions-3.0.1.jar;C:\Users\sebas\.m2\repository\io\cucumber\cucumber-expressions\10.3.0\cucumber-expressions-10.3.0.jar;C:\Users\sebas\.m2\repository\io\cucumber\datatable\3.5.0\datatable-3.5.0.jar;C:\Users\sebas\.m2\repository\io\cucumber\cucumber-plugin\6.10.4\cucumber-plugin-6.10.4.jar;C:\Users\sebas\.m2\repository\io\cucumber\docstring\6.10.4\docstring-6.10.4.jar;C:\Users\sebas\.m2\repository\io\cucumber\html-formatter\13.0.0\html-formatter-13.0.0.jar;C:\Users\sebas\.m2\repository\io\cucumber\create-meta\4.0.0\create-meta-4.0.0.jar;C:\Users\sebas\.m2\repository\jakarta\xml\bind\jakarta.xml.bind-api\2.3.2\jakarta.xml.bind-api-2.3.2.jar;C:\Users\sebas\.m2\repository\jakarta\activation\jakarta.activation-api\1.2.2\jakarta.activation-api-1.2.2.jar;C:\Users\sebas\.m2\repository\org\javassist\javassist\3.25.0-GA\javassist-3.25.0-GA.jar;C:\Users\sebas\.m2\repository\io\swagger\core\v3\swagger-annotations\2.1.9\swagger-annotations-2.1.9.jar;C:\Users\sebas\.m2\repository\org\springframework\boot\spring-boot-test\2.3.4.RELEASE\spring-boot-test-2.3.4.RELEASE.jar;"/>
    <property name="sun.cpu.endian" value="little"/>
    <property name="user.home" value="C:\Users\sebas"/>
    <property name="user.language" value="es"/>
    <property name="java.specification.vendor" value="Oracle Corporation"/>
    <property name="java.version.date" value="2021-07-20"/>
    <property name="java.home" value="C:\Users\sebas\.jdks\corretto-16.0.2"/>
    <property name="file.separator" value="\"/>
    <property name="basedir" value="C:\Users\sebas\OneDrive - Universidad Peruana de Ciencias\2021-02\UNIVERSITY\Diseño de experimentos\PROYECTO_TB3\BackEnd"/>
    <property name="java.vm.compressedOopsMode" value="Zero based"/>
    <property name="line.separator" value="&#10;"/>
    <property name="java.vm.specification.vendor" value="Oracle Corporation"/>
    <property name="java.specification.name" value="Java Platform API Specification"/>
    <property name="surefire.real.class.path" value="C:\Users\sebas\AppData\Local\Temp\surefire10879739437795697573\surefirebooter7972507692515572205.jar"/>
    <property name="user.script" value=""/>
    <property name="sun.management.compiler" value="HotSpot 64-Bit Tiered Compilers"/>
    <property name="java.runtime.version" value="16.0.2+7"/>
    <property name="user.name" value="sebas"/>
    <property name="path.separator" value=";"/>
    <property name="os.version" value="10.0"/>
    <property name="java.runtime.name" value="OpenJDK Runtime Environment"/>
    <property name="file.encoding" value="Cp1252"/>
    <property name="java.vm.name" value="OpenJDK 64-Bit Server VM"/>
    <property name="java.vendor.version" value="Corretto-16.0.2.7.1"/>
    <property name="localRepository" value="C:\Users\sebas\.m2\repository"/>
    <property name="java.vendor.url.bug" value="https://github.com/corretto/corretto-jdk/issues/"/>
    <property name="java.io.tmpdir" value="C:\Users\sebas\AppData\Local\Temp\"/>
    <property name="idea.version" value="2021.2"/>
    <property name="java.version" value="16.0.2"/>
    <property name="user.dir" value="C:\Users\sebas\OneDrive - Universidad Peruana de Ciencias\2021-02\UNIVERSITY\Diseño de experimentos\PROYECTO_TB3\BackEnd"/>
    <property name="os.arch" value="amd64"/>
    <property name="java.vm.specification.name" value="Java Virtual Machine Specification"/>
    <property name="sun.os.patch.level" value=""/>
    <property name="java.library.path" value="C:\Users\sebas\.jdks\corretto-16.0.2\bin;C:\Windows\Sun\Java\bin;C:\Windows\system32;C:\Windows;C:\Program Files\Common Files\Oracle\Java\javapath;C:\Program Files\Eclipse Foundation\jdk-11.0.12.7-hotspot\bin;C:\Program Files (x86)\Common Files\Oracle\Java\javapath;C:\Python310\Scripts\;C:\Python310\;C:\Windows\system32;C:\Windows;C:\Windows\System32\Wbem;C:\Windows\System32\WindowsPowerShell\v1.0\;C:\Windows\System32\OpenSSH\;C:\Program Files (x86)\NVIDIA Corporation\PhysX\Common;C:\Program Files\NVIDIA Corporation\NVIDIA NvDLISR;C:\Program Files\nodejs\;C:\ProgramData\chocolatey\bin;C:\Program Files\Git\cmd;C:\Program Files\dotnet\;C:\Program Files\Microsoft SQL Server\130\Tools\Binn\;C:\Program Files\Microsoft SQL Server\Client SDK\ODBC\170\Tools\Binn\;C:\Program Files\Docker\Docker\resources\bin;C:\ProgramData\DockerDesktop\version-bin;C:\Program Files\Cloud Foundry;C:\Program Files\Cloud Foundry IBM;C:\Program Files\PuTTY\;C:\Program Files\Amazon\AWSCLIV2\;D:\condita;D:\condita\Library\mingw-w64\bin;D:\condita\Library\usr\bin;D:\condita\Library\bin;D:\condita\Scripts;C:\Program Files\MySQL\MySQL Shell 8.0\bin\;C:\Users\sebas\AppData\Local\Microsoft\WindowsApps;C:\Program Files\JetBrains\WebStorm 2021.2\bin;C:\Users\sebas\AppData\Local\Programs\Microsoft VS Code\bin;D:\RubyMine 2021.2\bin;D:\PyCharm 2021.2\bin;C:\Users\sebas\AppData\Roaming\npm;C:\Program Files\JetBrains\JetBrains Rider 2021.2\bin;C:\Program Files\JetBrains\IntelliJ IDEA 2021.2\bin;D:\heroku\bin;D:\GoLand 2021.2.1\bin;D:\gcloud\google-cloud-sdk\bin;C:\Program Files\JetBrains\DataGrip 2021.2.1\bin;D:\CLion 2021.2.22\bin;C:\Users\sebas\.dotnet\tools;C:\Users\sebas\AppData\Local\gitkraken\bin;C:\Users\sebas\Documents\flutter_windows_2.5.2-stable\flutter\bin;C:\Users\sebas\AppData\Local\GitHubDesktop\bin;C:\Program Files\Cloud Foundry\cf5;C:\Users\sebas\Documents\apache-maven-3.8.3-src\apache-maven-3.8.3\apache-maven\src\bin;C:\Program Files\Java\jdk-11.0.11\bin;C:\Program Files\Cloud Foundry IBM;C:\Program Files\Apache Software Foundation\Tomcat 9.0\bin;;."/>
    <property name="java.vm.info" value="mixed mode, sharing"/>
    <property name="java.vendor" value="Amazon.com Inc."/>
    <property name="java.vm.version" value="16.0.2+7"/>
    <property name="sun.io.unicode.encoding" value="UnicodeLittle"/>
    <property name="java.class.version" value="60.0"/>
  </properties>
  <testcase name="CreateReview" classname="com.acme.Initialization.Test.CustomerServiceImplIntegrationTest" time="0.036"/>
  <testcase name="CreteReviewButNotExists" classname="com.acme.Initialization.Test.CustomerServiceImplIntegrationTest" time="0.025"/>
</testsuite>